<?xml version="1.0" encoding="UTF-8"?>
<testng-results ignored="0" total="2" passed="2" failed="0" skipped="0">
  <reporter-output>
  </reporter-output>
  <suite started-at="2023-03-15T10:35:14 CDT" name="Default suite" finished-at="2023-03-15T10:35:20 CDT" duration-ms="6364">
    <groups>
    </groups>
    <test started-at="2023-03-15T10:35:14 CDT" name="Default test" finished-at="2023-03-15T10:35:20 CDT" duration-ms="6364">
      <class name="Day_10.SampleTest">
        <test-method signature="before_test()[pri:1, instance:Day_10.SampleTest@a514af7]" started-at="2023-03-15T10:35:14 CDT" name="before_test" finished-at="2023-03-15T10:35:19 CDT" duration-ms="5567" status="PASS">
          <reporter-output>
          </reporter-output>
        </test-method> <!-- before_test -->
        <test-method signature="test1()[pri:2, instance:Day_10.SampleTest@a514af7]" started-at="2023-03-15T10:35:19 CDT" name="test1" finished-at="2023-03-15T10:35:20 CDT" duration-ms="752" status="PASS">
          <reporter-output>
          </reporter-output>
        </test-method> <!-- test1 -->
      </class> <!-- Day_10.SampleTest -->
    </test> <!-- Default test -->
  </suite> <!-- Default suite -->
</testng-results>
